2019-09-26 12:51:09,519  INFO [main] LogReports:22 - Firefox browser is started...
2019-09-26 13:16:10,675  INFO [main] LogReports:22 - Firefox browser is started...
2019-09-26 13:16:18,384  INFO [main] LogReports:22 - navigating to atmecs website
2019-09-26 13:17:06,285  INFO [main] LogReports:22 - Firefox browser is started...
2019-09-26 13:17:13,734  INFO [main] LogReports:22 - navigating to atmecs website
2019-09-26 13:42:57,336  INFO [main] LogReports:22 - Firefox browser is started...
2019-09-26 13:43:08,292  INFO [main] LogReports:22 - navigating to atmecs website
2019-09-26 14:02:35,224  INFO [main] LogReports:22 - Firefox browser is started...
2019-09-26 14:02:48,650  INFO [main] LogReports:22 - navigating to atmecs website
2019-09-26 14:08:13,368  INFO [main] LogReports:22 - Firefox browser is started...
2019-09-26 14:08:26,505  INFO [main] LogReports:22 - navigating to atmecs website
2019-09-26 14:29:13,801  INFO [main] LogReports:22 - Firefox browser is started...
2019-09-26 14:29:24,755  INFO [main] LogReports:22 - navigating to atmecs website
2019-09-26 14:43:11,065  INFO [main] LogReports:22 - Firefox browser is started...
2019-09-26 14:43:23,619  INFO [main] LogReports:22 - navigating to atmecs website
2019-09-26 16:13:53,753  INFO [main] LogReports:22 - Firefox browser is started...
2019-09-26 16:14:04,686  INFO [main] LogReports:22 - navigating to atmecs website
2019-09-26 16:14:07,766  INFO [main] LogReports:27 - 546
2019-09-26 16:15:01,257  INFO [main] LogReports:22 - Firefox browser is started...
2019-09-26 16:15:12,511  INFO [main] LogReports:22 - navigating to atmecs website
2019-09-26 16:15:16,020  INFO [main] LogReports:27 - 546
2019-09-26 16:16:17,749  INFO [main] LogReports:22 - Firefox browser is started...
2019-09-26 16:16:28,781  INFO [main] LogReports:22 - navigating to atmecs website
2019-09-26 16:16:31,738  INFO [main] LogReports:27 - 546
2019-09-26 16:16:34,209  INFO [main] LogReports:27 - 546
2019-09-26 16:16:40,172  INFO [main] LogReports:27 - 546
2019-09-26 16:16:42,872  INFO [main] LogReports:27 - 546
2019-09-26 16:20:01,876  INFO [main] LogReports:22 - Firefox browser is started...
2019-09-26 16:20:13,330  INFO [main] LogReports:22 - navigating to atmecs website
2019-09-26 16:20:16,956  INFO [main] LogReports:27 - 546
2019-09-26 16:20:19,319  INFO [main] LogReports:27 - 546
2019-09-26 16:20:24,959  INFO [main] LogReports:27 - 546
2019-09-26 16:20:27,696  INFO [main] LogReports:27 - 546
2019-09-26 16:26:26,636  INFO [main] LogReports:22 - Firefox browser is started...
2019-09-26 16:26:37,590  INFO [main] LogReports:22 - navigating to atmecs website
2019-09-26 16:26:40,647  INFO [main] LogReports:27 - 546
2019-09-26 16:26:43,580  INFO [main] LogReports:27 - 546
2019-09-26 16:26:50,535  INFO [main] LogReports:27 - 546
2019-09-26 16:26:53,130  INFO [main] LogReports:27 - 546
2019-09-26 16:26:55,604  INFO [main] LogReports:27 - 546
2019-09-26 16:55:27,132  INFO [main] LogReports:22 - Firefox browser is started...
2019-09-26 16:55:37,959  INFO [main] LogReports:22 - navigating to atmecs website
2019-09-26 17:00:02,176  INFO [main] LogReports:22 - Firefox browser is started...
2019-09-26 17:00:14,112  INFO [main] LogReports:22 - navigating to atmecs website
2019-09-26 17:00:17,939  INFO [main] LogReports:22 - failed : validated all pages footer dimension: Actual data : (1349, 399)   Expected :(1349, 399)
2019-09-26 17:00:17,940  INFO [main] LogReports:22 - failed: validated all pages footer text size: Actual data : 546   Expected :546
2019-09-26 17:00:20,653  INFO [main] LogReports:22 - failed : validated all pages footer dimension: Actual data : (1349, 399)   Expected :(1349, 399)
2019-09-26 17:00:20,653  INFO [main] LogReports:22 - failed: validated all pages footer text size: Actual data : 546   Expected :546
2019-09-26 17:00:26,171  INFO [main] LogReports:22 - failed : validated all pages footer dimension: Actual data : (1349, 399)   Expected :(1349, 399)
2019-09-26 17:00:26,171  INFO [main] LogReports:22 - failed: validated all pages footer text size: Actual data : 546   Expected :546
2019-09-26 17:00:29,184  INFO [main] LogReports:22 - failed : validated all pages footer dimension: Actual data : (1349, 399)   Expected :(1349, 399)
2019-09-26 17:00:29,185  INFO [main] LogReports:22 - failed: validated all pages footer text size: Actual data : 546   Expected :546
2019-09-26 17:00:33,979  INFO [main] LogReports:22 - failed : validated all pages footer dimension: Actual data : (1349, 399)   Expected :(1349, 399)
2019-09-26 17:00:33,985  INFO [main] LogReports:22 - failed: validated all pages footer text size: Actual data : 546   Expected :546
2019-09-26 17:32:04,931  INFO [main] LogReports:22 - Firefox browser is started...
2019-09-26 17:33:40,073  INFO [main] LogReports:22 - Firefox browser is started...
2019-09-26 17:34:48,580  INFO [main] LogReports:22 - Chrome browser is started...
2019-09-26 17:38:37,825  INFO [main] LogReports:22 - Chrome browser is started...
2019-09-26 18:00:08,921  INFO [main] LogReports:22 - Chrome browser is started...
2019-09-26 18:02:59,506  INFO [main] LogReports:22 - Chrome browser is started...
2019-09-26 18:08:50,311  INFO [main] LogReports:22 - Chrome browser is started...
2019-09-26 18:39:45,694  INFO [main] LogReports:22 - Chrome browser is started...
2019-09-26 18:49:59,308  INFO [main] LogReports:22 - Chrome browser is started...
2019-09-26 18:52:16,450  INFO [main] LogReports:22 - Chrome browser is started...
2019-09-26 18:55:10,111  INFO [main] LogReports:22 - Chrome browser is started...
2019-09-26 19:01:14,056  INFO [main] LogReports:22 - Chrome browser is started...
2019-09-26 19:02:37,384  INFO [main] LogReports:22 - Chrome browser is started...
2019-09-26 19:04:59,311  INFO [main] LogReports:22 - Chrome browser is started...
2019-09-26 19:12:37,329  INFO [main] LogReports:22 - Chrome browser is started...
2019-09-26 19:16:24,600  INFO [main] LogReports:22 - Chrome browser is started...
2019-09-26 19:19:20,603  INFO [main] LogReports:22 - Chrome browser is started...
2019-09-26 19:19:42,718  INFO [main] LogReports:22 - failed: validated blog: Actual data :    Expected :Debunking Myths about AI
2019-09-26 19:27:38,624  INFO [main] LogReports:22 - Chrome browser is started...
2019-09-26 19:28:00,765  INFO [main] LogReports:22 - failed: validated blog: Actual data :    Expected :Debunking Myths about AI
2019-09-26 19:34:28,192  INFO [main] LogReports:22 - Chrome browser is started...
2019-09-26 19:34:48,047  INFO [main] LogReports:22 - failed: validated blog: Actual data :    Expected :Debunking Myths about AI
2019-09-26 19:37:57,620  INFO [main] LogReports:22 - Chrome browser is started...
2019-09-26 19:38:13,501  INFO [main] LogReports:22 - navigating to atmecs website
2019-09-26 19:38:15,962  INFO [main] LogReports:22 - passed: validated all pages footer dimension: Actual data : (1349, 399)   Expected :(1349, 399)
2019-09-26 19:38:15,972  INFO [main] LogReports:22 - passed: validated all pages footer text size: Actual data : 546   Expected :546
2019-09-26 19:38:18,095  INFO [main] LogReports:22 - passed: validated all pages footer dimension: Actual data : (1349, 399)   Expected :(1349, 399)
2019-09-26 19:38:18,099  INFO [main] LogReports:22 - passed: validated all pages footer text size: Actual data : 546   Expected :546
2019-09-26 19:38:23,975  INFO [main] LogReports:22 - passed: validated all pages footer dimension: Actual data : (1349, 399)   Expected :(1349, 399)
2019-09-26 19:38:23,975  INFO [main] LogReports:22 - passed: validated all pages footer text size: Actual data : 546   Expected :546
2019-09-26 19:38:26,638  INFO [main] LogReports:22 - passed: validated all pages footer dimension: Actual data : (1349, 399)   Expected :(1349, 399)
2019-09-26 19:38:26,638  INFO [main] LogReports:22 - passed: validated all pages footer text size: Actual data : 546   Expected :546
2019-09-26 19:38:29,434  INFO [main] LogReports:22 - passed: validated all pages footer dimension: Actual data : (1349, 399)   Expected :(1349, 399)
2019-09-26 19:38:29,434  INFO [main] LogReports:22 - passed: validated all pages footer text size: Actual data : 546   Expected :546
2019-09-26 19:44:18,831  INFO [main] LogReports:22 - Firefox browser is started...
2019-09-26 19:53:42,711  INFO [main] LogReports:22 - Firefox browser is started...
2019-09-26 19:55:21,551  INFO [main] LogReports:22 - Chrome browser is started...
2019-09-26 19:55:40,314  INFO [main] LogReports:22 - failed: validated blog: Actual data :    Expected :Debunking Myths about AI
2019-09-26 19:59:05,953  INFO [main] LogReports:22 - Chrome browser is started...
2019-09-26 19:59:24,368  INFO [main] LogReports:22 - failed: validated blog: Actual data :    Expected :Debunking Myths about AI
2019-09-26 20:02:44,722  INFO [main] LogReports:22 - Chrome browser is started...
2019-09-26 20:03:05,078  INFO [main] LogReports:22 - failed: validated blog: Actual data :    Expected :Debunking Myths about AI
2019-09-26 20:09:44,567  INFO [main] LogReports:22 - Chrome browser is started...
2019-09-26 20:14:21,296  INFO [main] LogReports:22 - Chrome browser is started...
2019-09-26 20:24:39,793  INFO [main] LogReports:22 - Chrome browser is started...
2019-09-26 20:24:58,364  INFO [main] LogReports:22 - Passed : validated blog: Actual data : Debunking Myths about AI   Expected :Debunking Myths about AI
2019-09-26 20:26:57,717  INFO [main] LogReports:22 - Chrome browser is started...
2019-09-26 20:27:16,585  INFO [main] LogReports:22 - Passed : validated blog: Actual data : Debunking Myths about AI   Expected :Debunking Myths about AI
2019-09-26 20:33:43,523  INFO [main] LogReports:22 - Chrome browser is started...
2019-09-26 20:34:03,846  INFO [main] LogReports:22 - Passed : validated blog: Actual data : Debunking Myths about AI   Expected :Debunking Myths about AI
2019-09-26 20:42:19,659  INFO [main] LogReports:22 - Chrome browser is started...
2019-09-26 20:42:46,530  INFO [main] LogReports:22 - Passed : validated blog: Actual data : Debunking Myths about AI   Expected :Debunking Myths about AI
2019-09-26 20:59:50,390  INFO [main] LogReports:22 - Chrome browser is started...
2019-09-26 21:00:13,352  INFO [main] LogReports:22 - failed: validated blog: Actual data : Debunking Myths about AI   Expected :null
